.
./.git
./.git/index
./.git/config
./.git/packed-refs
./.git/description
./.git/refs
./.git/refs/remotes
./.git/refs/remotes/origin
./.git/refs/remotes/origin/master
./.git/refs/remotes/origin/HEAD
./.git/refs/tags
./.git/refs/heads
./.git/refs/heads/master
./.git/info
./.git/info/exclude
./.git/hooks
./.git/hooks/pre-applypatch.sample
./.git/hooks/update.sample
./.git/hooks/applypatch-msg.sample
./.git/hooks/prepare-commit-msg.sample
./.git/hooks/commit-msg.sample
./.git/hooks/pre-rebase.sample
./.git/hooks/pre-commit.sample
./.git/hooks/post-update.sample
./.git/hooks/post-commit.sample
./.git/hooks/post-receive.sample
./.git/HEAD
./.git/branches
./.git/objects
./.git/objects/ae
./.git/objects/ae/9304576a6ec3419b231b2b9c8e33a06f97f9fb
./.git/objects/1d
./.git/objects/1d/4ef356768d7a2e7e6ef4667ccd14c0b10c7300
./.git/objects/info
./.git/objects/pack
./.git/objects/pack/pack-c6d3c6190e133b13ed493d565ee1934531d79839.idx
./.git/objects/pack/pack-c6d3c6190e133b13ed493d565ee1934531d79839.pack
./.git/objects/57
./.git/objects/57/ac1ef89bf1840a3cd2be16bbec60af35a75267
./.git/COMMIT_EDITMSG
./.git/logs
./.git/logs/refs
./.git/logs/refs/remotes
./.git/logs/refs/remotes/origin
./.git/logs/refs/remotes/origin/master
./.git/logs/refs/heads
./.git/logs/refs/heads/master
./.git/logs/HEAD
./find.log
./README
